0 info it worked if it ends with ok
1 verbose cli [ '/usr/local/bin/iojs',
1 verbose cli   '/Users/davidclements/npm-global/bin/npm',
1 verbose cli   'version',
1 verbose cli   'patch' ]
2 info using npm@2.11.1
3 info using node@v4.2.1
4 verbose config Skipping project config: /Users/davidclements/.npmrc. (matches userconfig)
5 error version No package.json found
6 verbose stack Error: ENOENT: no such file or directory, open '/Users/davidclements/package.json'
6 verbose stack     at Error (native)
7 verbose cwd /Users/davidclements/z/nearForm/@deck/deck
8 error Darwin 14.0.0
9 error argv "/usr/local/bin/iojs" "/Users/davidclements/npm-global/bin/npm" "version" "patch"
10 error node v4.2.1
11 error npm  v2.11.1
12 error path /Users/davidclements/package.json
13 error code ENOENT
14 error errno -2
15 error syscall open
16 error enoent ENOENT: no such file or directory, open '/Users/davidclements/package.json'
16 error enoent This is most likely not a problem with npm itself
16 error enoent and is related to npm not being able to find a file.
17 verbose exit [ -2, true ]
